[2025-11-09T12:41:28.053320] User: admin -> вход в систему
[2025-11-09T12:41:31.809646900] User: admin -> выход из системы
[2025-11-09T12:41:44.686255] User: admin -> вход в систему
[2025-11-09T12:42:35.925150700] User: admin -> добавил товар: AirPods
[2025-11-09T12:44:20.995097100] User: admin -> вход в систему
[2025-11-09T12:44:55.700558500] User: admin -> вход в систему
[2025-11-09T12:45:29.093076800] User: admin -> добавил товар: AirPods 2idca50f2fb-4894-4887-a1b3-7eb959b81d20
[2025-11-09T12:47:30.525453600] User: admin -> обновил товар: AirPods 3
[2025-11-09T12:49:04.775884400] User: admin -> вход в систему
[2025-11-09T12:49:48.374168600] User: admin -> добавил товар: AirPods 4 ID: 3a6f1379-f2c9-4157-91ee-53093a82e6f5
[2025-11-09T12:50:51.965459300] User: admin -> обновил товар: Airpods 4.5 ID: 3a6f1379-f2c9-4157-91ee-53093a82e6f5
[2025-11-09T12:51:37.349571900] User: admin -> удалил товар: Airpods 4.5 ID: 3a6f1379-f2c9-4157-91ee-53093a82e6f5
[2025-11-09T12:57:25.189108500] User: admin -> вход в систему
[2025-11-10T13:43:50.799696700] User: admin -> вход в систему
[2025-11-10T14:02:46.743307600] User: admin -> вход в систему
[2025-11-10T14:05:06.376286600] User: admin -> вход в систему
[2025-11-10T14:06:08.350536200] User: admin -> вход в систему
[2025-11-10T14:07:53.196670100] User: admin -> вход в систему
[2025-11-10T14:17:16.239146] User: admin -> вход в систему
[2025-11-10T14:17:38.328445100] User: admin -> вход в систему
[2025-11-10T14:33:14.947992700] User: admin -> вход в систему
[2025-11-10T14:33:51.453774200] User: admin -> вход в систему
[2025-11-10T15:26:22.853071300] User: admin -> вход в систему
